<?xml version="1.0" encoding="UTF-8"?>
<!-- Generated by org.testng.reporters.JUnitReportReporter -->
<testsuite skipped="0" hostname="PL-N100IKF" name="TestAdd" tests="15" failures="0" timestamp="15 paź 2018 08:38:19 GMT" time="0.018" errors="0">
  <testcase name="separatorsWithBracket" time="0.001" classname="TestAdd"/>
  <testcase name="longSeparators" time="0.001" classname="TestAdd"/>
  <testcase name="twoValuesAreSummedNewLineDelimited" time="0.001" classname="TestAdd"/>
  <testcase name="emptyStringReturnsZero" time="0.001" classname="TestAdd"/>
  <testcase name="changeSeparator" time="0.005" classname="TestAdd"/>
  <testcase name="threeValuesAreSummed" time="0.001" classname="TestAdd"/>
  <testcase name="changeSeparatorWithNewLineStart" time="0.001" classname="TestAdd"/>
  <testcase name="ignoreNumbersGreaterThan1000" time="0.001" classname="TestAdd"/>
  <testcase name="sigleValueIsReplied" time="0.001" classname="TestAdd"/>
  <testcase name="newLineAtTheEndRuntimeExceptionIsThrown" time="0.001" classname="TestAdd"/>
  <testcase name="separatorIsFirst" time="0.001" classname="TestAdd"/>
  <testcase name="twoValuesAreSummed" time="0.001" classname="TestAdd"/>
  <testcase name="longSeparatorsWithBracket" time="0.001" classname="TestAdd"/>
  <testcase name="negativeNumbersUsedRuntimeExceptionIsThrown" time="0.001" classname="TestAdd"/>
  <testcase name="negativeNumbersUsedThenRuntimeExceptionIsThrown" time="0.000" classname="TestAdd"/>
</testsuite> <!-- TestAdd -->
